<?xml version="1.0" encoding="UTF-8"?>
<!-- Generated by org.testng.reporters.JUnitXMLReporter -->
<testsuite ignored="0" hostname="DESKTOP-VDSA3OS" failures="1" tests="3" name="Test" time="73.395" errors="0" timestamp="2024-12-11T11:09:06 IST">
  <testcase classname="jspabc.A2_MouseOverActions" name="mouseover" time="7.283"/>
  <testcase classname="jspabc.B11_Array" name="functionality" time="40.795"/>
  <testcase classname="jspabc.B12_Assert1" name="funoperation" time="0.021">
    <failure type="java.lang.AssertionError" message="expected [Welcome: Mercury Tours] but found [Mercury Tours]">
      <![CDATA[java.lang.AssertionError: expected [Welcome: Mercury Tours] but found [Mercury Tours]
at jspabc.B12_Assert1.funoperation(B12_Assert1.java:36)
at java.base/java.util.ArrayList.forEach(ArrayList.java:1511)
... Removed 33 stack frames]]>
    </failure>
  </testcase> <!-- funoperation -->
</testsuite> <!-- Test -->
