<?xml version="1.0" encoding="UTF-8"?>
<testng-results ignored="0" total="1" passed="1" failed="0" skipped="0">
  <reporter-output>
  </reporter-output>
  <suite started-at="2024-05-28T14:37:07 IST" name="Default suite" finished-at="2024-05-28T14:37:39 IST" duration-ms="31763">
    <groups>
    </groups>
    <test started-at="2024-05-28T14:37:07 IST" name="Default test" finished-at="2024-05-28T14:37:39 IST" duration-ms="31763">
      <class name="jspabc.A1_Alerts">
        <test-method is-config="true" signature="openurl()[pri:0, instance:jspabc.A1_Alerts@5e0826e7]" started-at="2024-05-28T14:37:07 IST" name="openurl" finished-at="2024-05-28T14:37:36 IST" duration-ms="29418" status="PASS">
          <reporter-output>
          </reporter-output>
        </test-method> <!-- openurl -->
        <test-method signature="handlingalerts()[pri:0, instance:jspabc.A1_Alerts@5e0826e7]" started-at="2024-05-28T14:37:37 IST" name="handlingalerts" finished-at="2024-05-28T14:37:39 IST" duration-ms="2234" status="PASS">
          <reporter-output>
          </reporter-output>
        </test-method> <!-- handlingalerts -->
        <test-method is-config="true" signature="afterTest()[pri:0, instance:jspabc.A1_Alerts@5e0826e7]" started-at="2024-05-28T14:37:39 IST" name="afterTest" finished-at="2024-05-28T14:37:39 IST" duration-ms="0" status="PASS">
          <reporter-output>
          </reporter-output>
        </test-method> <!-- afterTest -->
      </class> <!-- jspabc.A1_Alerts -->
    </test> <!-- Default test -->
  </suite> <!-- Default suite -->
</testng-results>
